#
# There is insufficient memory for the Java Runtime Environment to continue.
# Native memory allocation (mmap) failed to map 536870912 bytes. Error detail: G1 virtual space
# Possible reasons:
#   The system is out of physical RAM or swap space
#   This process is running with CompressedOops enabled, and the Java Heap may be blocking the growth of the native heap
# Possible solutions:
#   Reduce memory load on the system
#   Increase physical memory or swap space
#   Check if swap backing store is full
#   Decrease Java heap size (-Xmx/-Xms)
#   Decrease number of Java threads
#   Decrease Java thread stack sizes (-Xss)
#   Set larger code cache with -XX:ReservedCodeCacheSize=
#   JVM is running with Zero Based Compressed Oops mode in which the Java heap is
#     placed in the first 32GB address space. The Java Heap base address is the
#     maximum limit for the native heap growth. Please use -XX:HeapBaseMinAddress
#     to set the Java Heap base and to place the Java Heap above 32GB virtual address.
# This output file may be truncated or incomplete.
#
#  Out of Memory Error (os_windows.cpp:3828), pid=43564, tid=8876
#
# JRE version:  (21.0.4) (build )
# Java VM: OpenJDK 64-Bit Server VM (21.0.4+-12508038-b607.1, mixed mode, sharing, tiered, compressed oops, compressed class ptrs, g1 gc, windows-amd64)
# No core dump will be written. Minidumps are not enabled by default on client versions of Windows
#

---------------  S U M M A R Y ------------

Command Line: git4idea.http.GitAskPassApp Username for 'https://github.com': 

Host: AMD Ryzen 9 5900X 12-Core Processor            , 24 cores, 31G,  Windows 11 , 64 bit Build 26100 (10.0.26100.2454)
Time: Thu Jan 23 20:39:56 2025 Central Standard Time elapsed time: 1.022816 seconds (0d 0h 0m 1s)

---------------  T H R E A D  ---------------

Current thread (0x000001d6aacd2130):  JavaThread "Unknown thread" [_thread_in_vm, id=8876, stack(0x0000005684200000,0x0000005684300000) (1024K)]

Stack: [0x0000005684200000,0x0000005684300000]
Native frames: (J=compiled Java code, j=interpreted, Vv=VM code, C=native code)
V  [jvm.dll+0x6ce539]
V  [jvm.dll+0x85bf03]
V  [jvm.dll+0x85e45e]
V  [jvm.dll+0x85eb43]
V  [jvm.dll+0x27dd06]
V  [jvm.dll+0x6cada5]
V  [jvm.dll+0x6bf27a]
V  [jvm.dll+0x3541fb]
V  [jvm.dll+0x35be36]
V  [jvm.dll+0x3adbc6]
V  [jvm.dll+0x3ade98]
V  [jvm.dll+0x32691c]
V  [jvm.dll+0x32760b]
V  [jvm.dll+0x823959]
V  [jvm.dll+0x3bacf8]
V  [jvm.dll+0x80cd58]
V  [jvm.dll+0x44ef2e]
V  [jvm.dll+0x450691]
C  [jli.dll+0x52ab]
C  [ucrtbase.dll+0x14ea0]
C  [KERNEL32.DLL+0x2e8d7]
C  [ntdll.dll+0xdfbcc]


---------------  P R O C E S S  ---------------

Threads class SMR info:
_java_thread_list=0x00007ffe9f3ca808, length=0, elements={
}

Java Threads: ( => current thread )
Total: 0

Other Threads:
  0x000001d6ac7d2320 WorkerThread "GC Thread#0"                     [id=37000, stack(0x0000005684300000,0x0000005684400000) (1024K)]
  0x000001d6ac7e40f0 ConcurrentGCThread "G1 Main Marker"            [id=52708, stack(0x0000005684400000,0x0000005684500000) (1024K)]
  0x000001d6ac7e5390 WorkerThread "G1 Conc#0"                       [id=43516, stack(0x0000005684500000,0x0000005684600000) (1024K)]

[error occurred during error reporting (printing all threads), id 0xc0000005, EXCEPTION_ACCESS_VIOLATION (0xc0000005) at pc=0x00007ffe9ebc9957]
VM state: not at safepoint (not fully initialized)

VM Mutex/Monitor currently owned by a thread:  ([mutex/lock_event])
[0x00007ffe9f4373f8] Heap_lock - owner thread: 0x000001d6aacd2130

Heap address: 0x0000000601c00000, size: 8164 MB, Compressed Oops mode: Zero based, Oop shift amount: 3

CDS archive(s) mapped at: [0x0000000000000000-0x0000000000000000-0x0000000000000000), size 0, SharedBaseAddress: 0x0000000800000000, ArchiveRelocationMode: 1.
Narrow klass base: 0x0000000000000000, Narrow klass shift: 0, Narrow klass range: 0x0

GC Precious Log:
 CardTable entry size: 512
 Card Set container configuration: InlinePtr #cards 4 size 8 Array Of Cards #cards 32 size 80 Howl #buckets 8 coarsen threshold 7372 Howl Bitmap #cards 1024 size 144 coarsen threshold 921 Card regions per heap region 1 cards per card region 8192

Heap:
 garbage-first heap   total 0K, used 0K [0x0000000601c00000, 0x0000000800000000)
  region size 4096K, 0 young (0K), 0 survivors (0K)
 Metaspace       used 0K, committed 0K, reserved 0K
  class space    used 0K, committed 0K, reserved 0K

Heap Regions: E=young(eden), S=young(survivor), O=old, HS=humongous(starts), HC=humongous(continues), CS=collection set, F=free, TAMS=top-at-mark-start, PB=parsable bottom

Card table byte_map: [0x000001d6c0e20000,0x000001d6c1e20000] _byte_map_base: 0x000001d6bde12000

Marking Bits: (CMBitMap*) 0x000001d6ac7d2a20
 Bits: [0x000001d6c1e20000, 0x000001d6c9db0000)

GC Heap History (0 events):
No events

Dll operation events (1 events):
Event: 0.005 Loaded shared library C:\Program Files\Android\Android Studio\jbr\bin\java.dll

Deoptimization events (0 events):
No events

Classes loaded (0 events):
No events

Classes unloaded (0 events):
No events

Classes redefined (0 events):
No events

Internal exceptions (0 events):
No events

ZGC Phase Switch (0 events):
No events

VM Operations (0 events):
No events

Memory protections (0 events):
No events

Nmethod flushes (0 events):
No events

Events (0 events):
No events


Dynamic libraries:
0x00007ff62ca60000 - 0x00007ff62ca6a000 	C:\Program Files\Android\Android Studio\jbr\bin\java.exe
0x00007fff1ffc0000 - 0x00007fff20223000 	C:\WINDOWS\SYSTEM32\ntdll.dll
0x00007fff1ecb0000 - 0x00007fff1ed78000 	C:\WINDOWS\System32\KERNEL32.DLL
0x00007fff1d390000 - 0x00007fff1d742000 	C:\WINDOWS\System32\KERNELBASE.dll
0x00007fff1d8e0000 - 0x00007fff1da2b000 	C:\WINDOWS\System32\ucrtbase.dll
0x00007fff15ff0000 - 0x00007fff1600b000 	C:\Program Files\Android\Android Studio\jbr\bin\VCRUNTIME140.dll
0x00007ffef1d30000 - 0x00007ffef1d48000 	C:\Program Files\Android\Android Studio\jbr\bin\jli.dll
0x00007fff1e8e0000 - 0x00007fff1eaa8000 	C:\WINDOWS\System32\USER32.dll
0x00007fff04840000 - 0x00007fff04ad0000 	C:\WINDOWS\WinSxS\amd64_microsoft.windows.common-controls_6595b64144ccf1df_6.0.26100.2454_none_3e0b68a2e331ad60\COMCTL32.dll
0x00007fff1d7f0000 - 0x00007fff1d817000 	C:\WINDOWS\System32\win32u.dll
0x00007fff1fb30000 - 0x00007fff1fbd9000 	C:\WINDOWS\System32\msvcrt.dll
0x00007fff1e0f0000 - 0x00007fff1e11a000 	C:\WINDOWS\System32\GDI32.dll
0x00007fff1da30000 - 0x00007fff1db5b000 	C:\WINDOWS\System32\gdi32full.dll
0x00007fff1dd70000 - 0x00007fff1de13000 	C:\WINDOWS\System32\msvcp_win.dll
0x00007fff1e890000 - 0x00007fff1e8bf000 	C:\WINDOWS\System32\IMM32.DLL
0x00007fff15fe0000 - 0x00007fff15fec000 	C:\Program Files\Android\Android Studio\jbr\bin\vcruntime140_1.dll
0x00007ffec4290000 - 0x00007ffec431d000 	C:\Program Files\Android\Android Studio\jbr\bin\msvcp140.dll
0x00007ffe9e890000 - 0x00007ffe9f513000 	C:\Program Files\Android\Android Studio\jbr\bin\server\jvm.dll
0x00007fff1dfe0000 - 0x00007fff1e094000 	C:\WINDOWS\System32\ADVAPI32.dll
0x00007fff1fc40000 - 0x00007fff1fce6000 	C:\WINDOWS\System32\sechost.dll
0x00007fff1f410000 - 0x00007fff1f526000 	C:\WINDOWS\System32\RPCRT4.dll
0x00007fff1fd80000 - 0x00007fff1fdf4000 	C:\WINDOWS\System32\WS2_32.dll
0x00007fff1c060000 - 0x00007fff1c0ae000 	C:\WINDOWS\SYSTEM32\POWRPROF.dll
0x00007fff1be40000 - 0x00007fff1be4b000 	C:\WINDOWS\SYSTEM32\VERSION.dll
0x00007fff0c5b0000 - 0x00007fff0c5e6000 	C:\WINDOWS\SYSTEM32\WINMM.dll
0x00007fff1c040000 - 0x00007fff1c054000 	C:\WINDOWS\SYSTEM32\UMPDC.dll
0x00007fff1c240000 - 0x00007fff1c25a000 	C:\WINDOWS\SYSTEM32\kernel.appcore.dll
0x00007fff15fd0000 - 0x00007fff15fda000 	C:\Program Files\Android\Android Studio\jbr\bin\jimage.dll
0x00007fff1a8a0000 - 0x00007fff1aae1000 	C:\WINDOWS\SYSTEM32\DBGHELP.DLL
0x00007fff1ed80000 - 0x00007fff1f0fe000 	C:\WINDOWS\System32\combase.dll
0x00007fff1de20000 - 0x00007fff1def6000 	C:\WINDOWS\System32\OLEAUT32.dll
0x00007fff03270000 - 0x00007fff032a9000 	C:\WINDOWS\SYSTEM32\dbgcore.DLL
0x00007fff1d750000 - 0x00007fff1d7e9000 	C:\WINDOWS\System32\bcryptPrimitives.dll
0x00007fff039a0000 - 0x00007fff039c0000 	C:\Program Files\Android\Android Studio\jbr\bin\java.dll

dbghelp: loaded successfully - version: 4.0.5 - missing functions: none
symbol engine: initialized successfully - sym options: 0x614 - pdb path: .;C:\Program Files\Android\Android Studio\jbr\bin;C:\WINDOWS\SYSTEM32;C:\WINDOWS\WinSxS\amd64_microsoft.windows.common-controls_6595b64144ccf1df_6.0.26100.2454_none_3e0b68a2e331ad60;C:\Program Files\Android\Android Studio\jbr\bin\server

VM Arguments:
java_command: git4idea.http.GitAskPassApp Username for 'https://github.com': 
java_class_path (initial): C:/Program Files/Android/Android Studio/plugins/vcs-git/lib/git4idea-rt.jar;C:/Program Files/Android/Android Studio/lib/externalProcess-rt.jar
Launcher Type: SUN_STANDARD

[Global flags]
     intx CICompilerCount                          = 12                                        {product} {ergonomic}
     uint ConcGCThreads                            = 5                                         {product} {ergonomic}
     uint G1ConcRefinementThreads                  = 18                                        {product} {ergonomic}
   size_t G1HeapRegionSize                         = 4194304                                   {product} {ergonomic}
    uintx GCDrainStackTargetSize                   = 64                                        {product} {ergonomic}
   size_t InitialHeapSize                          = 536870912                                 {product} {ergonomic}
   size_t MarkStackSize                            = 4194304                                   {product} {ergonomic}
   size_t MaxHeapSize                              = 8560574464                                {product} {ergonomic}
   size_t MinHeapDeltaBytes                        = 4194304                                   {product} {ergonomic}
   size_t MinHeapSize                              = 8388608                                   {product} {ergonomic}
    uintx NonNMethodCodeHeapSize                   = 7602480                                {pd product} {ergonomic}
    uintx NonProfiledCodeHeapSize                  = 122027880                              {pd product} {ergonomic}
    uintx ProfiledCodeHeapSize                     = 122027880                              {pd product} {ergonomic}
    uintx ReservedCodeCacheSize                    = 251658240                              {pd product} {ergonomic}
     bool SegmentedCodeCache                       = true                                      {product} {ergonomic}
   size_t SoftMaxHeapSize                          = 8560574464                             {manageable} {ergonomic}
     bool UseCompressedOops                        = true                           {product lp64_product} {ergonomic}
     bool UseG1GC                                  = true                                      {product} {ergonomic}
     bool UseLargePagesIndividualAllocation        = false                                  {pd product} {ergonomic}

Logging:
Log output configuration:
 #0: stdout all=warning uptime,level,tags foldmultilines=false
 #1: stderr all=off uptime,level,tags foldmultilines=false

Environment Variables:
PATH=C:\Program Files\Git\mingw64\libexec\git-core;C:\Program Files\Git\mingw64\libexec\git-core;C:\Program Files\Git\mingw64\bin;C:\Program Files\Git\usr\bin;C:\Users\Adan\bin;C:\Program Files\Common Files\Oracle\Java\javapath;C:\WINDOWS\system32;C:\WINDOWS;C:\WINDOWS\System32\Wbem;C:\WINDOWS\System32\WindowsPowerShell\v1.0;C:\WINDOWS\System32\OpenSSH;C:\Program Files\dotnet;C:\Program Files\Git\cmd;C:\Program Files (x86)\NVIDIA Corporation\PhysX\Common;C:\Program Files\NVIDIA Corporation\NVIDIA app\NvDLISR;C:\Program Files\MySQL\MySQL Shell 9.1\bin;C:\Users\Adan\AppData\Local\Microsoft\WindowsApps;C:\Users\Adan\AppData\Local\Programs\Microsoft VS Code\bin;C:\Users\Adan\AppData\Local\GitHubDesktop\bin;E:\Intellij\IntelliJ IDEA 2024.2.3\bin
USERNAME=Adan
DISPLAY=:0.0
LC_ALL=en_US.UTF-8
TERM=xterm-256color
TMPDIR=C:\Users\Adan\AppData\Local\Temp
OS=Windows_NT
PROCESSOR_IDENTIFIER=AMD64 Family 25 Model 33 Stepping 2, AuthenticAMD
TMP=C:\Users\Adan\AppData\Local\Temp
TEMP=C:\Users\Adan\AppData\Local\Temp




Periodic native trim disabled

JNI global refs:
JNI global refs: 0, weak refs: 0

JNI global refs memory usage: 0, weak refs: 0

Process memory usage:
Resident Set Size: 13196K (0% of 33436096K total physical memory with 5810236K free physical memory)

OOME stack traces (most recent first):
Classloader memory used:

---------------  S Y S T E M  ---------------

OS:
 Windows 11 , 64 bit Build 26100 (10.0.26100.2454)
OS uptime: 6 days 11:12 hours

CPU: total 24 (initial active 24) (24 cores per cpu, 2 threads per core) family 25 model 33 stepping 2 microcode 0xa201204, cx8, cmov, fxsr, ht, mmx, 3dnowpref, sse, sse2, sse3, ssse3, sse4a, sse4.1, sse4.2, popcnt, lzcnt, tsc, tscinvbit, avx, avx2, aes, erms, clmul, bmi1, bmi2, adx, sha, fma, vzeroupper, clflush, clflushopt, rdtscp, rdpid, fsrm, f16c, pku, cet_ss
Processor Information for all 24 processors :
  Max Mhz: 3701, Current Mhz: 3701, Mhz Limit: 3701

Memory: 4k page, system-wide physical 32652M (5674M free)
TotalPageFile size 130956M (AvailPageFile size 435M)
current process WorkingSet (physical memory assigned to process): 12M, peak: 12M
current process commit charge ("private bytes"): 81M, peak: 593M

vm_info: OpenJDK 64-Bit Server VM (21.0.4+-12508038-b607.1) for windows-amd64 JRE (21.0.4+-12508038-b607.1), built on 2024-10-16T17:23:34Z by "builder" with MS VC++ 16.10 / 16.11 (VS2019)

END.
